Determining if the pthread_create exist failed with the following output:
Change Dir: /home/mupasa/Research/ROSMAT/catkin_ws/build/CMakeFiles/CMakeTmp

Run Build Command:/usr/bin/make "cmTryCompileExec3490833679/fast"
/usr/bin/make -f CMakeFiles/cmTryCompileExec3490833679.dir/build.make CMakeFiles/cmTryCompileExec3490833679.dir/build
make[1]: Entering directory `/home/mupasa/Research/ROSMAT/catkin_ws/build/CMakeFiles/CMakeTmp'
/usr/bin/cmake -E cmake_progress_report /home/mupasa/Research/ROSMAT/catkin_ws/build/CMakeFiles/CMakeTmp/CMakeFiles 1
Building C object CMakeFiles/cmTryCompileExec3490833679.dir/CheckSymbolExists.c.o
/usr/bin/cc    -o CMakeFiles/cmTryCompileExec3490833679.dir/CheckSymbolExists.c.o   -c /home/mupasa/Research/ROSMAT/catkin_ws/build/CMakeFiles/CMakeTmp/CheckSymbolExists.c
Linking C executable cmTryCompileExec3490833679
/usr/bin/cmake -E cmake_link_script CMakeFiles/cmTryCompileExec3490833679.dir/link.txt --verbose=1
/usr/bin/cc       CMakeFiles/cmTryCompileExec3490833679.dir/CheckSymbolExists.c.o  -o cmTryCompileExec3490833679 -rdynamic 
CMakeFiles/cmTryCompileExec3490833679.dir/CheckSymbolExists.c.o: In function `main':
CheckSymbolExists.c:(.text+0x16): undefined reference to `pthread_create'
collect2: error: ld returned 1 exit status
make[1]: Leaving directory `/home/mupasa/Research/ROSMAT/catkin_ws/build/CMakeFiles/CMakeTmp'
make[1]: *** [cmTryCompileExec3490833679] Error 1
make: *** [cmTryCompileExec3490833679/fast] Error 2

File /home/mupasa/Research/ROSMAT/catkin_ws/build/CMakeFiles/CMakeTmp/CheckSymbolExists.c:
/* */
#include <pthread.h>

int main(int argc, char** argv)
{
  (void)argv;
#ifndef pthread_create
  return ((int*)(&pthread_create))[argc];
#else
  (void)argc;
  return 0;
#endif
}

Determining if the function pthread_create exists in the pthreads failed with the following output:
Change Dir: /home/mupasa/Research/ROSMAT/catkin_ws/build/CMakeFiles/CMakeTmp

Run Build Command:/usr/bin/make "cmTryCompileExec3242567924/fast"
/usr/bin/make -f CMakeFiles/cmTryCompileExec3242567924.dir/build.make CMakeFiles/cmTryCompileExec3242567924.dir/build
make[1]: Entering directory `/home/mupasa/Research/ROSMAT/catkin_ws/build/CMakeFiles/CMakeTmp'
/usr/bin/cmake -E cmake_progress_report /home/mupasa/Research/ROSMAT/catkin_ws/build/CMakeFiles/CMakeTmp/CMakeFiles 1
Building C object CMakeFiles/cmTryCompileExec3242567924.dir/CheckFunctionExists.c.o
/usr/bin/cc   -DCHECK_FUNCTION_EXISTS=pthread_create   -o CMakeFiles/cmTryCompileExec3242567924.dir/CheckFunctionExists.c.o   -c /usr/share/cmake-2.8/Modules/CheckFunctionExists.c
Linking C executable cmTryCompileExec3242567924
/usr/bin/cmake -E cmake_link_script CMakeFiles/cmTryCompileExec3242567924.dir/link.txt --verbose=1
/usr/bin/cc   -DCHECK_FUNCTION_EXISTS=pthread_create    CMakeFiles/cmTryCompileExec3242567924.dir/CheckFunctionExists.c.o  -o cmTryCompileExec3242567924 -rdynamic -lpthreads 
/usr/bin/ld: cannot find -lpthreads
collect2: error: ld returned 1 exit status
make[1]: *** [cmTryCompileExec3242567924] Error 1
make[1]: Leaving directory `/home/mupasa/Research/ROSMAT/catkin_ws/build/CMakeFiles/CMakeTmp'
make: *** [cmTryCompileExec3242567924/fast] Error 2


