Determining if the pthread_create exist failed with the following output:
Change Dir: /home/mupasa/Research/ROSMAT/catcar_ws/build/CMakeFiles/CMakeTmp

Run Build Command:/usr/bin/make "cmTryCompileExec1672820148/fast"
/usr/bin/make -f CMakeFiles/cmTryCompileExec1672820148.dir/build.make CMakeFiles/cmTryCompileExec1672820148.dir/build
make[1]: Entering directory `/home/mupasa/Research/ROSMAT/catcar_ws/build/CMakeFiles/CMakeTmp'
/usr/bin/cmake -E cmake_progress_report /home/mupasa/Research/ROSMAT/catcar_ws/build/CMakeFiles/CMakeTmp/CMakeFiles 1
Building C object CMakeFiles/cmTryCompileExec1672820148.dir/CheckSymbolExists.c.o
/usr/bin/cc    -o CMakeFiles/cmTryCompileExec1672820148.dir/CheckSymbolExists.c.o   -c /home/mupasa/Research/ROSMAT/catcar_ws/build/CMakeFiles/CMakeTmp/CheckSymbolExists.c
Linking C executable cmTryCompileExec1672820148
/usr/bin/cmake -E cmake_link_script CMakeFiles/cmTryCompileExec1672820148.dir/link.txt --verbose=1
/usr/bin/cc       CMakeFiles/cmTryCompileExec1672820148.dir/CheckSymbolExists.c.o  -o cmTryCompileExec1672820148 -rdynamic 
CMakeFiles/cmTryCompileExec1672820148.dir/CheckSymbolExists.c.o: In function `main':
CheckSymbolExists.c:(.text+0x16): undefined reference to `pthread_create'
collect2: error: ld returned 1 exit status
make[1]: *** [cmTryCompileExec1672820148] Error 1
make[1]: Leaving directory `/home/mupasa/Research/ROSMAT/catcar_ws/build/CMakeFiles/CMakeTmp'
make: *** [cmTryCompileExec1672820148/fast] Error 2

File /home/mupasa/Research/ROSMAT/catcar_ws/build/CMakeFiles/CMakeTmp/CheckSymbolExists.c:
/* */
#include <pthread.h>

int main(int argc, char** argv)
{
  (void)argv;
#ifndef pthread_create
  return ((int*)(&pthread_create))[argc];
#else
  (void)argc;
  return 0;
#endif
}

Determining if the function pthread_create exists in the pthreads failed with the following output:
Change Dir: /home/mupasa/Research/ROSMAT/catcar_ws/build/CMakeFiles/CMakeTmp

Run Build Command:/usr/bin/make "cmTryCompileExec134981435/fast"
/usr/bin/make -f CMakeFiles/cmTryCompileExec134981435.dir/build.make CMakeFiles/cmTryCompileExec134981435.dir/build
make[1]: Entering directory `/home/mupasa/Research/ROSMAT/catcar_ws/build/CMakeFiles/CMakeTmp'
/usr/bin/cmake -E cmake_progress_report /home/mupasa/Research/ROSMAT/catcar_ws/build/CMakeFiles/CMakeTmp/CMakeFiles 1
Building C object CMakeFiles/cmTryCompileExec134981435.dir/CheckFunctionExists.c.o
/usr/bin/cc   -DCHECK_FUNCTION_EXISTS=pthread_create   -o CMakeFiles/cmTryCompileExec134981435.dir/CheckFunctionExists.c.o   -c /usr/share/cmake-2.8/Modules/CheckFunctionExists.c
Linking C executable cmTryCompileExec134981435
/usr/bin/cmake -E cmake_link_script CMakeFiles/cmTryCompileExec134981435.dir/link.txt --verbose=1
/usr/bin/cc   -DCHECK_FUNCTION_EXISTS=pthread_create    CMakeFiles/cmTryCompileExec134981435.dir/CheckFunctionExists.c.o  -o cmTryCompileExec134981435 -rdynamic -lpthreads 
/usr/bin/ld: cannot find -lpthreads
collect2: error: ld returned 1 exit status
make[1]: *** [cmTryCompileExec134981435] Error 1
make[1]: Leaving directory `/home/mupasa/Research/ROSMAT/catcar_ws/build/CMakeFiles/CMakeTmp'
make: *** [cmTryCompileExec134981435/fast] Error 2


